22-02-24 00:01:02 INFO  [main] [TsdbApplication:55] | Starting TsdbApplication using Java 11.0.8 on Gram with PID 5512 (D:\12_workspace\sandbox\tsdb\build\classes\java\main started by sczed in D:\12_workspace\sandbox\tsdb)
22-02-24 00:01:02 INFO  [background-preinit] [Version:30] | HV000001: Hibernate Validator 5.3.6.Final
22-02-24 00:01:02 INFO  [main] [TsdbApplication:637] | No active profile set, falling back to default profiles: default
22-02-24 00:01:04 INFO  [main] [TomcatWebServer:108] | Tomcat initialized with port(s): 8080 (http)
22-02-24 00:01:04 INFO  [main] [Http11NioProtocol:173] | Initializing ProtocolHandler ["http-nio-8080"]
22-02-24 00:01:04 INFO  [main] [StandardService:173] | Starting service [Tomcat]
22-02-24 00:01:04 INFO  [main] [StandardEngine:173] | Starting Servlet engine: [Apache Tomcat/9.0.56]
22-02-24 00:01:04 INFO  [main] [[/]:173] | Initializing Spring embedded WebApplicationContext
22-02-24 00:01:04 INFO  [main] [ServletWebServerApplicationContext:290] | Root WebApplicationContext: initialization completed in 1831 ms
22-02-24 00:01:04 INFO  [main] [HikariDataSource:80] | HikariPool-1 - Starting...
22-02-24 00:01:04 INFO  [main] [HikariDataSource:82] | HikariPool-1 - Start completed.
22-02-24 00:01:05 INFO  [main] [HikariDataSource:80] | HikariPool-2 - Starting...
22-02-24 00:01:05 INFO  [main] [HikariDataSource:82] | HikariPool-2 - Start completed.
22-02-24 00:01:05 INFO  [main] [HikariDataSource:80] | HikariPool-3 - Starting...
22-02-24 00:01:05 INFO  [main] [HikariDataSource:82] | HikariPool-3 - Start completed.
22-02-24 00:01:05 WARN  [main] [ThymeleafAutoConfiguration$DefaultTemplateResolverConfiguration:106] | Cannot find template location: classpath:/templates/ (please add some templates or check your Thymeleaf configuration)
22-02-24 00:01:05 INFO  [main] [Http11NioProtocol:173] | Starting ProtocolHandler ["http-nio-8080"]
22-02-24 00:01:05 INFO  [main] [TomcatWebServer:220] | Tomcat started on port(s): 8080 (http) with context path ''
22-02-24 00:01:05 INFO  [main] [TsdbApplication:61] | Started TsdbApplication in 3.766 seconds (JVM running for 5.0)
22-02-24 00:01:24 INFO  [http-nio-8080-exec-1] [[/]:173] | Initializing Spring DispatcherServlet 'dispatcherServlet'
22-02-24 00:01:24 INFO  [http-nio-8080-exec-1] [DispatcherServlet:525] | Initializing Servlet 'dispatcherServlet'
22-02-24 00:01:24 INFO  [http-nio-8080-exec-1] [DispatcherServlet:547] | Completed initialization in 3 ms
22-02-24 00:02:50 INFO  [main] [TsdbApplication:55] | Starting TsdbApplication using Java 11.0.8 on Gram with PID 7132 (D:\12_workspace\sandbox\tsdb\build\classes\java\main started by sczed in D:\12_workspace\sandbox\tsdb)
22-02-24 00:02:50 INFO  [background-preinit] [Version:30] | HV000001: Hibernate Validator 5.3.6.Final
22-02-24 00:02:50 INFO  [main] [TsdbApplication:637] | No active profile set, falling back to default profiles: default
22-02-24 00:02:52 INFO  [main] [TomcatWebServer:108] | Tomcat initialized with port(s): 8080 (http)
22-02-24 00:02:52 INFO  [main] [Http11NioProtocol:173] | Initializing ProtocolHandler ["http-nio-8080"]
22-02-24 00:02:52 INFO  [main] [StandardService:173] | Starting service [Tomcat]
22-02-24 00:02:52 INFO  [main] [StandardEngine:173] | Starting Servlet engine: [Apache Tomcat/9.0.56]
22-02-24 00:02:52 INFO  [main] [[/]:173] | Initializing Spring embedded WebApplicationContext
22-02-24 00:02:52 INFO  [main] [ServletWebServerApplicationContext:290] | Root WebApplicationContext: initialization completed in 1580 ms
22-02-24 00:02:52 INFO  [main] [HikariDataSource:80] | HikariPool-1 - Starting...
22-02-24 00:02:52 INFO  [main] [HikariDataSource:82] | HikariPool-1 - Start completed.
22-02-24 00:02:53 INFO  [main] [HikariDataSource:80] | HikariPool-2 - Starting...
22-02-24 00:02:53 INFO  [main] [HikariDataSource:82] | HikariPool-2 - Start completed.
22-02-24 00:02:53 INFO  [main] [HikariDataSource:80] | HikariPool-3 - Starting...
22-02-24 00:02:53 INFO  [main] [HikariDataSource:82] | HikariPool-3 - Start completed.
22-02-24 00:02:53 WARN  [main] [ThymeleafAutoConfiguration$DefaultTemplateResolverConfiguration:106] | Cannot find template location: classpath:/templates/ (please add some templates or check your Thymeleaf configuration)
22-02-24 00:02:53 INFO  [main] [Http11NioProtocol:173] | Starting ProtocolHandler ["http-nio-8080"]
22-02-24 00:02:53 INFO  [main] [TomcatWebServer:220] | Tomcat started on port(s): 8080 (http) with context path ''
22-02-24 00:02:53 INFO  [main] [TsdbApplication:61] | Started TsdbApplication in 3.5 seconds (JVM running for 6.508)
22-02-24 00:03:47 INFO  [http-nio-8080-exec-1] [[/]:173] | Initializing Spring DispatcherServlet 'dispatcherServlet'
22-02-24 00:03:47 INFO  [http-nio-8080-exec-1] [DispatcherServlet:525] | Initializing Servlet 'dispatcherServlet'
22-02-24 00:03:47 INFO  [http-nio-8080-exec-1] [DispatcherServlet:547] | Completed initialization in 0 ms
