22-02-11 13:34:23 INFO  [main] [RawDataMoverApplication:55] | Starting RawDataMoverApplication using Java 11.0.8 on DESKTOP-T73PBF3 with PID 21900 (C:\Users\Administrator\Desktop\rawDataMover\build\classes\java\main started by Administrator in C:\Users\Administrator\Desktop\rawDataMover)
22-02-11 13:34:23 INFO  [main] [RawDataMoverApplication:637] | No active profile set, falling back to default profiles: default
22-02-11 13:34:23 INFO  [background-preinit] [Version:30] | HV000001: Hibernate Validator 5.3.6.Final
22-02-11 13:34:24 INFO  [main] [TomcatWebServer:108] | Tomcat initialized with port(s): 8080 (http)
22-02-11 13:34:24 INFO  [main] [Http11NioProtocol:173] | Initializing ProtocolHandler ["http-nio-8080"]
22-02-11 13:34:24 INFO  [main] [StandardService:173] | Starting service [Tomcat]
22-02-11 13:34:24 INFO  [main] [StandardEngine:173] | Starting Servlet engine: [Apache Tomcat/9.0.56]
22-02-11 13:34:24 INFO  [main] [[/]:173] | Initializing Spring embedded WebApplicationContext
22-02-11 13:34:24 INFO  [main] [ServletWebServerApplicationContext:290] | Root WebApplicationContext: initialization completed in 1018 ms
22-02-11 13:34:24 INFO  [main] [HikariDataSource:80] | HikariPool-1 - Starting...
22-02-11 13:34:24 INFO  [main] [HikariDataSource:82] | HikariPool-1 - Start completed.
22-02-11 13:34:24 INFO  [main] [HikariDataSource:80] | HikariPool-2 - Starting...
22-02-11 13:34:24 INFO  [main] [HikariDataSource:82] | HikariPool-2 - Start completed.
22-02-11 13:34:24 INFO  [main] [HikariDataSource:80] | HikariPool-3 - Starting...
22-02-11 13:34:25 INFO  [main] [HikariDataSource:82] | HikariPool-3 - Start completed.
22-02-11 13:34:25 INFO  [main] [Http11NioProtocol:173] | Starting ProtocolHandler ["http-nio-8080"]
22-02-11 13:34:25 WARN  [main] [AnnotationConfigServletWebServerApplicationContext:591] | Exception encountered during context initialization - cancelling refresh attempt: org.springframework.context.ApplicationContextException: Failed to start bean 'webServerStartStop'; nested exception is org.springframework.boot.web.server.PortInUseException: Port 8080 is already in use
22-02-11 13:34:25 INFO  [main] [HikariDataSource:350] | HikariPool-3 - Shutdown initiated...
22-02-11 13:34:25 INFO  [main] [HikariDataSource:352] | HikariPool-3 - Shutdown completed.
22-02-11 13:34:25 INFO  [main] [HikariDataSource:350] | HikariPool-2 - Shutdown initiated...
22-02-11 13:34:25 INFO  [main] [HikariDataSource:352] | HikariPool-2 - Shutdown completed.
22-02-11 13:34:25 INFO  [main] [HikariDataSource:350] | HikariPool-1 - Shutdown initiated...
22-02-11 13:34:25 INFO  [main] [HikariDataSource:352] | HikariPool-1 - Shutdown completed.
22-02-11 13:34:25 INFO  [main] [Http11NioProtocol:173] | Pausing ProtocolHandler ["http-nio-8080"]
22-02-11 13:34:25 INFO  [main] [StandardService:173] | Stopping service [Tomcat]
22-02-11 13:34:25 INFO  [main] [Http11NioProtocol:173] | Stopping ProtocolHandler ["http-nio-8080"]
22-02-11 13:34:25 INFO  [main] [Http11NioProtocol:173] | Destroying ProtocolHandler ["http-nio-8080"]
22-02-11 13:34:25 INFO  [main] [ConditionEvaluationReportLoggingListener:136] | 

Error starting ApplicationContext. To display the conditions report re-run your application with 'debug' enabled.
22-02-11 13:34:25 ERROR [main] [LoggingFailureAnalysisReporter:40] | 

***************************
APPLICATION FAILED TO START
***************************

Description:

Web server failed to start. Port 8080 was already in use.

Action:

Identify and stop the process that's listening on port 8080 or configure this application to listen on another port.

22-02-11 13:35:33 INFO  [main] [RawDataMoverApplication:55] | Starting RawDataMoverApplication using Java 11.0.8 on DESKTOP-T73PBF3 with PID 19600 (C:\Users\Administrator\Desktop\rawDataMover\build\classes\java\main started by Administrator in C:\Users\Administrator\Desktop\rawDataMover)
22-02-11 13:35:33 INFO  [background-preinit] [Version:30] | HV000001: Hibernate Validator 5.3.6.Final
22-02-11 13:35:33 INFO  [main] [RawDataMoverApplication:637] | No active profile set, falling back to default profiles: default
22-02-11 13:35:34 INFO  [main] [TomcatWebServer:108] | Tomcat initialized with port(s): 6080 (http)
22-02-11 13:35:34 INFO  [main] [Http11NioProtocol:173] | Initializing ProtocolHandler ["http-nio-6080"]
22-02-11 13:35:34 INFO  [main] [StandardService:173] | Starting service [Tomcat]
22-02-11 13:35:34 INFO  [main] [StandardEngine:173] | Starting Servlet engine: [Apache Tomcat/9.0.56]
22-02-11 13:35:34 INFO  [main] [[/]:173] | Initializing Spring embedded WebApplicationContext
22-02-11 13:35:34 INFO  [main] [ServletWebServerApplicationContext:290] | Root WebApplicationContext: initialization completed in 1034 ms
22-02-11 13:35:34 INFO  [main] [HikariDataSource:80] | HikariPool-1 - Starting...
22-02-11 13:35:34 INFO  [main] [HikariDataSource:82] | HikariPool-1 - Start completed.
22-02-11 13:35:34 INFO  [main] [HikariDataSource:80] | HikariPool-2 - Starting...
22-02-11 13:35:34 INFO  [main] [HikariDataSource:82] | HikariPool-2 - Start completed.
22-02-11 13:35:34 INFO  [main] [HikariDataSource:80] | HikariPool-3 - Starting...
22-02-11 13:35:34 INFO  [main] [HikariDataSource:82] | HikariPool-3 - Start completed.
22-02-11 13:35:35 INFO  [main] [Http11NioProtocol:173] | Starting ProtocolHandler ["http-nio-6080"]
22-02-11 13:35:35 INFO  [main] [TomcatWebServer:220] | Tomcat started on port(s): 6080 (http) with context path ''
22-02-11 13:35:35 INFO  [main] [RawDataMoverApplication:61] | Started RawDataMoverApplication in 2.697 seconds (JVM running for 3.916)
22-02-11 13:36:34 INFO  [http-nio-6080-exec-1] [[/]:173] | Initializing Spring DispatcherServlet 'dispatcherServlet'
22-02-11 13:36:34 INFO  [http-nio-6080-exec-1] [DispatcherServlet:525] | Initializing Servlet 'dispatcherServlet'
22-02-11 13:36:34 INFO  [http-nio-6080-exec-1] [DispatcherServlet:547] | Completed initialization in 1 ms
22-02-11 13:36:54 INFO  [http-nio-6080-exec-3] [MoverService:83] | NPE : 2022-01-26 00:00:00
22-02-11 13:36:54 INFO  [http-nio-6080-exec-3] [MoverService:83] | NPE : 2022-01-26 01:00:00
22-02-11 13:36:54 INFO  [http-nio-6080-exec-3] [MoverService:83] | NPE : 2022-01-26 02:00:00
22-02-11 13:36:54 INFO  [http-nio-6080-exec-3] [MoverService:83] | NPE : 2022-01-26 03:00:00
22-02-11 13:36:54 INFO  [http-nio-6080-exec-3] [MoverService:83] | NPE : 2022-01-26 04:00:00
22-02-11 13:36:54 INFO  [http-nio-6080-exec-3] [MoverService:83] | NPE : 2022-01-26 05:00:00
22-02-11 13:36:54 INFO  [http-nio-6080-exec-3] [MoverService:83] | NPE : 2022-01-26 06:00:00
22-02-11 13:36:54 INFO  [http-nio-6080-exec-3] [MoverService:83] | NPE : 2022-01-26 07:00:00
22-02-11 13:36:54 INFO  [http-nio-6080-exec-3] [MoverService:83] | NPE : 2022-01-26 08:00:00
22-02-11 13:36:54 INFO  [http-nio-6080-exec-3] [MoverService:83] | NPE : 2022-01-26 09:00:00
22-02-11 13:36:54 INFO  [http-nio-6080-exec-3] [MoverService:83] | NPE : 2022-01-26 10:00:00
22-02-11 13:36:54 INFO  [http-nio-6080-exec-3] [MoverService:83] | NPE : 2022-01-26 11:00:00
22-02-11 13:36:54 INFO  [http-nio-6080-exec-3] [MoverService:83] | NPE : 2022-01-26 12:00:00
22-02-11 13:36:54 INFO  [http-nio-6080-exec-3] [MoverService:83] | NPE : 2022-01-26 13:00:00
22-02-11 13:36:54 INFO  [http-nio-6080-exec-3] [MoverService:83] | NPE : 2022-01-26 14:00:00
22-02-11 13:36:54 INFO  [http-nio-6080-exec-3] [MoverService:83] | NPE : 2022-01-26 15:00:00
22-02-11 13:36:54 INFO  [http-nio-6080-exec-3] [MoverService:83] | NPE : 2022-01-26 16:00:00
22-02-11 13:36:54 INFO  [http-nio-6080-exec-3] [MoverService:83] | NPE : 2022-01-26 17:00:00
22-02-11 13:36:54 INFO  [http-nio-6080-exec-3] [MoverService:83] | NPE : 2022-01-26 18:00:00
22-02-11 13:36:54 INFO  [http-nio-6080-exec-3] [MoverService:83] | NPE : 2022-01-26 19:00:00
22-02-11 13:36:54 INFO  [http-nio-6080-exec-3] [MoverService:83] | NPE : 2022-01-26 20:00:00
22-02-11 13:36:54 INFO  [http-nio-6080-exec-3] [MoverService:83] | NPE : 2022-01-26 21:00:00
22-02-11 13:36:54 INFO  [http-nio-6080-exec-3] [MoverService:83] | NPE : 2022-01-26 22:00:00
22-02-11 13:36:54 INFO  [http-nio-6080-exec-3] [MoverService:83] | NPE : 2022-01-26 23:00:00
22-02-11 13:36:54 INFO  [http-nio-6080-exec-3] [MoverService:83] | NPE : 2022-01-27 00:00:00
22-02-11 13:36:54 INFO  [http-nio-6080-exec-3] [MoverService:83] | NPE : 2022-01-27 01:00:00
22-02-11 13:36:54 INFO  [http-nio-6080-exec-3] [MoverService:83] | NPE : 2022-01-27 02:00:00
22-02-11 13:36:54 INFO  [http-nio-6080-exec-3] [MoverService:83] | NPE : 2022-01-27 03:00:00
22-02-11 13:36:54 INFO  [http-nio-6080-exec-3] [MoverService:83] | NPE : 2022-01-27 04:00:00
22-02-11 13:36:54 INFO  [http-nio-6080-exec-3] [MoverService:83] | NPE : 2022-01-27 05:00:00
22-02-11 13:36:54 INFO  [http-nio-6080-exec-3] [MoverService:83] | NPE : 2022-01-27 06:00:00
22-02-11 13:36:54 INFO  [http-nio-6080-exec-3] [MoverService:83] | NPE : 2022-01-27 07:00:00
22-02-11 13:36:54 INFO  [http-nio-6080-exec-3] [MoverService:83] | NPE : 2022-01-27 08:00:00
22-02-11 13:36:54 INFO  [http-nio-6080-exec-3] [MoverService:83] | NPE : 2022-01-27 09:00:00
22-02-11 13:36:55 INFO  [http-nio-6080-exec-3] [MoverService:70] | 2022-01-27 10:00:00
22-02-11 13:37:01 INFO  [http-nio-6080-exec-3] [MoverService:70] | 2022-01-27 11:00:00
22-02-11 13:40:02 INFO  [main] [RawDataMoverApplication:55] | Starting RawDataMoverApplication using Java 11.0.8 on DESKTOP-T73PBF3 with PID 27188 (C:\Users\Administrator\Desktop\rawDataMover\build\classes\java\main started by Administrator in C:\Users\Administrator\Desktop\rawDataMover)
22-02-11 13:40:02 INFO  [background-preinit] [Version:30] | HV000001: Hibernate Validator 5.3.6.Final
22-02-11 13:40:02 INFO  [main] [RawDataMoverApplication:637] | No active profile set, falling back to default profiles: default
22-02-11 13:40:03 INFO  [main] [TomcatWebServer:108] | Tomcat initialized with port(s): 6080 (http)
22-02-11 13:40:03 INFO  [main] [Http11NioProtocol:173] | Initializing ProtocolHandler ["http-nio-6080"]
22-02-11 13:40:03 INFO  [main] [StandardService:173] | Starting service [Tomcat]
22-02-11 13:40:03 INFO  [main] [StandardEngine:173] | Starting Servlet engine: [Apache Tomcat/9.0.56]
22-02-11 13:40:03 INFO  [main] [[/]:173] | Initializing Spring embedded WebApplicationContext
22-02-11 13:40:03 INFO  [main] [ServletWebServerApplicationContext:290] | Root WebApplicationContext: initialization completed in 1165 ms
22-02-11 13:40:03 INFO  [main] [HikariDataSource:80] | HikariPool-1 - Starting...
22-02-11 13:40:03 INFO  [main] [HikariDataSource:82] | HikariPool-1 - Start completed.
22-02-11 13:40:03 INFO  [main] [HikariDataSource:80] | HikariPool-2 - Starting...
22-02-11 13:40:03 INFO  [main] [HikariDataSource:82] | HikariPool-2 - Start completed.
22-02-11 13:40:03 INFO  [main] [HikariDataSource:80] | HikariPool-3 - Starting...
22-02-11 13:40:03 INFO  [main] [HikariDataSource:82] | HikariPool-3 - Start completed.
22-02-11 13:40:04 INFO  [main] [Http11NioProtocol:173] | Starting ProtocolHandler ["http-nio-6080"]
22-02-11 13:40:04 INFO  [main] [TomcatWebServer:220] | Tomcat started on port(s): 6080 (http) with context path ''
22-02-11 13:40:04 INFO  [main] [RawDataMoverApplication:61] | Started RawDataMoverApplication in 2.827 seconds (JVM running for 4.019)
22-02-11 13:40:24 INFO  [http-nio-6080-exec-2] [[/]:173] | Initializing Spring DispatcherServlet 'dispatcherServlet'
22-02-11 13:40:24 INFO  [http-nio-6080-exec-2] [DispatcherServlet:525] | Initializing Servlet 'dispatcherServlet'
22-02-11 13:40:24 INFO  [http-nio-6080-exec-2] [DispatcherServlet:547] | Completed initialization in 1 ms
22-02-11 13:40:24 INFO  [http-nio-6080-exec-2] [MoverService:83] | NPE : 2022-01-26 00:00:00
22-02-11 13:40:24 INFO  [http-nio-6080-exec-2] [MoverService:83] | NPE : 2022-01-26 01:00:00
22-02-11 13:40:24 INFO  [http-nio-6080-exec-2] [MoverService:83] | NPE : 2022-01-26 02:00:00
22-02-11 13:40:24 INFO  [http-nio-6080-exec-2] [MoverService:83] | NPE : 2022-01-26 03:00:00
22-02-11 13:40:24 INFO  [http-nio-6080-exec-2] [MoverService:83] | NPE : 2022-01-26 04:00:00
22-02-11 13:40:24 INFO  [http-nio-6080-exec-2] [MoverService:83] | NPE : 2022-01-26 05:00:00
22-02-11 13:40:24 INFO  [http-nio-6080-exec-2] [MoverService:83] | NPE : 2022-01-26 06:00:00
22-02-11 13:40:24 INFO  [http-nio-6080-exec-2] [MoverService:83] | NPE : 2022-01-26 07:00:00
22-02-11 13:40:24 INFO  [http-nio-6080-exec-2] [MoverService:83] | NPE : 2022-01-26 08:00:00
22-02-11 13:40:24 INFO  [http-nio-6080-exec-2] [MoverService:83] | NPE : 2022-01-26 09:00:00
22-02-11 13:40:24 INFO  [http-nio-6080-exec-2] [MoverService:83] | NPE : 2022-01-26 10:00:00
22-02-11 13:40:24 INFO  [http-nio-6080-exec-2] [MoverService:83] | NPE : 2022-01-26 11:00:00
22-02-11 13:40:24 INFO  [http-nio-6080-exec-2] [MoverService:83] | NPE : 2022-01-26 12:00:00
22-02-11 13:40:24 INFO  [http-nio-6080-exec-2] [MoverService:83] | NPE : 2022-01-26 13:00:00
22-02-11 13:40:24 INFO  [http-nio-6080-exec-2] [MoverService:83] | NPE : 2022-01-26 14:00:00
22-02-11 13:40:24 INFO  [http-nio-6080-exec-2] [MoverService:83] | NPE : 2022-01-26 15:00:00
22-02-11 13:40:24 INFO  [http-nio-6080-exec-2] [MoverService:83] | NPE : 2022-01-26 16:00:00
22-02-11 13:40:24 INFO  [http-nio-6080-exec-2] [MoverService:83] | NPE : 2022-01-26 17:00:00
22-02-11 13:40:24 INFO  [http-nio-6080-exec-2] [MoverService:83] | NPE : 2022-01-26 18:00:00
22-02-11 13:40:24 INFO  [http-nio-6080-exec-2] [MoverService:83] | NPE : 2022-01-26 19:00:00
22-02-11 13:40:24 INFO  [http-nio-6080-exec-2] [MoverService:83] | NPE : 2022-01-26 20:00:00
22-02-11 13:40:24 INFO  [http-nio-6080-exec-2] [MoverService:83] | NPE : 2022-01-26 21:00:00
22-02-11 13:40:24 INFO  [http-nio-6080-exec-2] [MoverService:83] | NPE : 2022-01-26 22:00:00
22-02-11 13:40:24 INFO  [http-nio-6080-exec-2] [MoverService:83] | NPE : 2022-01-26 23:00:00
22-02-11 13:40:24 INFO  [http-nio-6080-exec-2] [MoverService:83] | NPE : 2022-01-27 00:00:00
22-02-11 13:40:24 INFO  [http-nio-6080-exec-2] [MoverService:83] | NPE : 2022-01-27 01:00:00
22-02-11 13:40:24 INFO  [http-nio-6080-exec-2] [MoverService:83] | NPE : 2022-01-27 02:00:00
22-02-11 13:40:24 INFO  [http-nio-6080-exec-2] [MoverService:83] | NPE : 2022-01-27 03:00:00
22-02-11 13:40:24 INFO  [http-nio-6080-exec-2] [MoverService:83] | NPE : 2022-01-27 04:00:00
22-02-11 13:40:24 INFO  [http-nio-6080-exec-2] [MoverService:83] | NPE : 2022-01-27 05:00:00
22-02-11 13:40:24 INFO  [http-nio-6080-exec-2] [MoverService:83] | NPE : 2022-01-27 06:00:00
22-02-11 13:40:24 INFO  [http-nio-6080-exec-2] [MoverService:83] | NPE : 2022-01-27 07:00:00
22-02-11 13:40:24 INFO  [http-nio-6080-exec-2] [MoverService:83] | NPE : 2022-01-27 08:00:00
22-02-11 13:40:24 INFO  [http-nio-6080-exec-2] [MoverService:83] | NPE : 2022-01-27 09:00:00
22-02-11 13:40:25 INFO  [http-nio-6080-exec-2] [MoverService:70] | 2022-01-27 10:00:00
22-02-11 13:40:30 INFO  [http-nio-6080-exec-2] [MoverService:70] | 2022-01-27 11:00:00
22-02-11 13:40:35 INFO  [http-nio-6080-exec-2] [MoverService:70] | 2022-01-27 12:00:00
22-02-11 13:40:41 INFO  [http-nio-6080-exec-2] [MoverService:70] | 2022-01-27 13:00:00
22-02-11 13:40:46 INFO  [http-nio-6080-exec-2] [MoverService:70] | 2022-01-27 14:00:00
22-02-11 13:40:51 INFO  [http-nio-6080-exec-2] [MoverService:70] | 2022-01-27 15:00:00
22-02-11 13:40:56 INFO  [http-nio-6080-exec-2] [MoverService:70] | 2022-01-27 16:00:00
22-02-11 13:41:00 INFO  [http-nio-6080-exec-2] [MoverService:70] | 2022-01-27 17:00:00
22-02-11 13:41:05 INFO  [http-nio-6080-exec-2] [MoverService:70] | 2022-01-27 18:00:00
